  manageclass.cpp
D:\CS162\GroupProject_CS\Group_project_Cs162_2\Project\button.h(83,18): warning C4244: 'initializing': conversion from 'int' to 'float', possible loss of data
  (compiling source file 'manageclass.cpp')
  
D:\CS162\GroupProject_CS\Group_project_Cs162_2\Project\button.h(84,18): warning C4244: 'initializing': conversion from 'int' to 'float', possible loss of data
  (compiling source file 'manageclass.cpp')
  
  managecourse.cpp
D:\CS162\GroupProject_CS\Group_project_Cs162_2\Project\button.h(83,18): warning C4244: 'initializing': conversion from 'int' to 'float', possible loss of data
  (compiling source file 'managecourse.cpp')
  
D:\CS162\GroupProject_CS\Group_project_Cs162_2\Project\button.h(84,18): warning C4244: 'initializing': conversion from 'int' to 'float', possible loss of data
  (compiling source file 'managecourse.cpp')
  
  manageschoolyear.cpp
D:\CS162\GroupProject_CS\Group_project_Cs162_2\Project\button.h(83,18): warning C4244: 'initializing': conversion from 'int' to 'float', possible loss of data
  (compiling source file 'manageschoolyear.cpp')
  
D:\CS162\GroupProject_CS\Group_project_Cs162_2\Project\button.h(84,18): warning C4244: 'initializing': conversion from 'int' to 'float', possible loss of data
  (compiling source file 'manageschoolyear.cpp')
  
  managesemester.cpp
D:\CS162\GroupProject_CS\Group_project_Cs162_2\Project\button.h(83,18): warning C4244: 'initializing': conversion from 'int' to 'float', possible loss of data
  (compiling source file 'managesemester.cpp')
  
D:\CS162\GroupProject_CS\Group_project_Cs162_2\Project\button.h(84,18): warning C4244: 'initializing': conversion from 'int' to 'float', possible loss of data
  (compiling source file 'managesemester.cpp')
  
  Generating Code...
  Project.vcxproj -> D:\CS162\GroupProject_CS\Group_project_Cs162_2\Project\x64\Debug\Project.exe
